\BOOKMARK [0][-]{chapter.1}{\376\377\000I\000n\000t\000r\000o\000d\000u\000c\000t\000i\000o\000n}{}% 1
\BOOKMARK [1][-]{section.1.1}{\376\377\000C\000o\000n\000c\000e\000p\000t}{chapter.1}% 2
\BOOKMARK [2][-]{subsection.1.1.1}{\376\377\000W\000h\000a\000t\000\040\000i\000s\000\040\000a\000\040\000T\000r\000e\000e\000?}{section.1.1}% 3
\BOOKMARK [2][-]{subsection.1.1.2}{\376\377\000W\000h\000a\000t\000\040\000a\000r\000e\000\040\000l\000i\000n\000k\000e\000d\000\040\000T\000r\000e\000e\000s\000?}{section.1.1}% 4
\BOOKMARK [1][-]{section.1.2}{\376\377\000B\000a\000s\000i\000c\000\040\000U\000s\000e}{chapter.1}% 5
\BOOKMARK [1][-]{section.1.3}{\376\377\000D\000a\000t\000a\000\040\000F\000i\000l\000e\000s}{chapter.1}% 6
\BOOKMARK [1][-]{section.1.4}{\376\377\000I\000n\000s\000t\000a\000l\000l\000a\000t\000i\000o\000n}{chapter.1}% 7
\BOOKMARK [2][-]{subsection.1.4.1}{\376\377\000U\000s\000i\000n\000g\000\040\000p\000r\000e\000-\000c\000o\000m\000p\000i\000l\000e\000d\000\040\000B\000i\000n\000a\000r\000i\000e\000s}{section.1.4}% 8
\BOOKMARK [2][-]{subsection.1.4.2}{\376\377\000U\000s\000i\000n\000g\000\040\000a\000\040\000P\000y\000P\000i\000\040\000p\000a\000c\000k\000a\000g\000e\000\040\000i\000n\000\040\000P\000y\000t\000h\000o\000n}{section.1.4}% 9
\BOOKMARK [2][-]{subsection.1.4.3}{\376\377\000U\000s\000i\000n\000g\000\040\000s\000c\000r\000i\000p\000t\000\040\000c\000o\000d\000e\000\040\000w\000i\000t\000h\000\040\000P\000y\000t\000h\000o\000n}{section.1.4}% 10
\BOOKMARK [2][-]{subsection.1.4.4}{\376\377\000E\000x\000e\000c\000u\000t\000e}{section.1.4}% 11
\BOOKMARK [0][-]{chapter.2}{\376\377\000M\000e\000t\000a\000\040\000S\000t\000r\000u\000c\000t\000u\000r\000e}{}% 12
\BOOKMARK [1][-]{section.2.1}{\376\377\000P\000r\000i\000n\000c\000i\000p\000l\000e\000s}{chapter.2}% 13
\BOOKMARK [1][-]{section.2.2}{\376\377\000T\000r\000e\000e\000s\000\040\000a\000n\000d\000\040\000t\000h\000e\000\040\000D\000a\000t\000a\000\040\000I\000t\000e\000m}{chapter.2}% 14
\BOOKMARK [1][-]{section.2.3}{\376\377\000D\000a\000t\000a\000\040\000F\000i\000e\000l\000d\000s}{chapter.2}% 15
\BOOKMARK [1][-]{section.2.4}{\376\377\000T\000r\000e\000e\000\040\000F\000i\000e\000l\000d\000s}{chapter.2}% 16
\BOOKMARK [2][-]{subsection.2.4.1}{\376\377\0001\000.\000\040\000O\000w\000n\000\040\000f\000i\000e\000l\000d\000s}{section.2.4}% 17
\BOOKMARK [2][-]{subsection.2.4.2}{\376\377\0002\000.\000\040\000C\000h\000i\000l\000d\000\040\000f\000i\000e\000l\000d\000s}{section.2.4}% 18
\BOOKMARK [2][-]{subsection.2.4.3}{\376\377\0003\000.\000\040\000S\000i\000b\000l\000i\000n\000g\000\040\000f\000i\000e\000l\000d\000s}{section.2.4}% 19
\BOOKMARK [2][-]{subsection.2.4.4}{\376\377\0004\000.\000\040\000P\000a\000r\000e\000n\000t\000\040\000f\000i\000e\000l\000d\000s}{section.2.4}% 20
\BOOKMARK [1][-]{section.2.5}{\376\377\000R\000e\000c\000u\000r\000s\000i\000o\000n}{chapter.2}% 21
\BOOKMARK [1][-]{section.2.6}{\376\377\000I\000n\000p\000u\000t\000/\000O\000u\000t\000p\000u\000t\000\040\000T\000y\000p\000e\000s}{chapter.2}% 22
\BOOKMARK [0][-]{chapter.3}{\376\377\000D\000a\000t\000a\000\040\000F\000o\000r\000m\000a\000t}{}% 23
\BOOKMARK [1][-]{section.3.1}{\376\377\000G\000l\000o\000b\000a\000l\000\040\000S\000t\000r\000u\000c\000t\000u\000r\000e}{chapter.3}% 24
\BOOKMARK [1][-]{section.3.2}{\376\377\000T\000r\000e\000e\000\040\000D\000e\000f\000i\000n\000i\000t\000i\000o\000n}{chapter.3}% 25
\BOOKMARK [1][-]{section.3.3}{\376\377\000D\000a\000t\000a\000\040\000I\000t\000e\000m\000\040\000D\000e\000f\000i\000n\000i\000t\000i\000o\000n}{chapter.3}% 26
\BOOKMARK [1][-]{section.3.4}{\376\377\000T\000h\000e\000\040\000D\000a\000t\000a\000\040\000P\000o\000o\000l}{chapter.3}% 27
\BOOKMARK [0][-]{chapter.4}{\376\377\000D\000a\000t\000a\000\040\000F\000i\000e\000l\000d\000s}{}% 28
\BOOKMARK [1][-]{section.4.1}{\376\377\000s\000t\000r\000i\000n\000g}{chapter.4}% 29
\BOOKMARK [1][-]{section.4.2}{\376\377\000t\000e\000x\000t}{chapter.4}% 30
\BOOKMARK [1][-]{section.4.3}{\376\377\000l\000o\000n\000g\000t\000e\000x\000t}{chapter.4}% 31
\BOOKMARK [1][-]{section.4.4}{\376\377\000u\000r\000l}{chapter.4}% 32
\BOOKMARK [1][-]{section.4.5}{\376\377\000i\000n\000t\000e\000g\000e\000r}{chapter.4}% 33
\BOOKMARK [1][-]{section.4.6}{\376\377\000t\000i\000m\000e\000r}{chapter.4}% 34
\BOOKMARK [0][-]{chapter.5}{\376\377\000T\000r\000e\000e\000\040\000F\000i\000e\000l\000d\000s}{}% 35
\BOOKMARK [1][-]{section.5.1}{\376\377\000G\000e\000n\000e\000r\000a\000l\000\040\000S\000y\000n\000t\000a\000x}{chapter.5}% 36
\BOOKMARK [1][-]{section.5.2}{\376\377\000H\000i\000d\000d\000e\000n\000\040\000F\000i\000e\000l\000d\000s}{chapter.5}% 37
\BOOKMARK [1][-]{section.5.3}{\376\377\000s\000t\000r\000i\000n\000g}{chapter.5}% 38
\BOOKMARK [1][-]{section.5.4}{\376\377\000u\000r\000l}{chapter.5}% 39
\BOOKMARK [1][-]{section.5.5}{\376\377\000t\000e\000x\000t}{chapter.5}% 40
\BOOKMARK [1][-]{section.5.6}{\376\377\000s\000u\000m}{chapter.5}% 41
\BOOKMARK [1][-]{section.5.7}{\376\377\000s\000e\000t}{chapter.5}% 42
\BOOKMARK [1][-]{section.5.8}{\376\377\000s\000u\000m\000-\000t\000i\000m\000e}{chapter.5}% 43
\BOOKMARK [1][-]{section.5.9}{\376\377\000d\000i\000f\000f\000e\000r\000e\000n\000c\000e}{chapter.5}% 44
\BOOKMARK [1][-]{section.5.10}{\376\377\000d\000i\000f\000f\000e\000r\000e\000n\000c\000e\000-\000t\000i\000m\000e}{chapter.5}% 45
\BOOKMARK [1][-]{section.5.11}{\376\377\000m\000e\000a\000n}{chapter.5}% 46
\BOOKMARK [1][-]{section.5.12}{\376\377\000m\000e\000a\000n\000-\000p\000e\000r\000c\000e\000n\000t}{chapter.5}% 47
\BOOKMARK [1][-]{section.5.13}{\376\377\000m\000i\000n}{chapter.5}% 48
\BOOKMARK [1][-]{section.5.14}{\376\377\000m\000a\000x}{chapter.5}% 49
\BOOKMARK [1][-]{section.5.15}{\376\377\000m\000i\000n\000-\000s\000t\000r\000i\000n\000g}{chapter.5}% 50
\BOOKMARK [1][-]{section.5.16}{\376\377\000m\000a\000x\000-\000s\000t\000r\000i\000n\000g}{chapter.5}% 51
\BOOKMARK [1][-]{section.5.17}{\376\377\000p\000r\000o\000d\000u\000c\000t}{chapter.5}% 52
\BOOKMARK [1][-]{section.5.18}{\376\377\000r\000e\000c\000i\000p\000r\000o\000c\000a\000l}{chapter.5}% 53
\BOOKMARK [1][-]{section.5.19}{\376\377\000r\000a\000t\000i\000o}{chapter.5}% 54
\BOOKMARK [1][-]{section.5.20}{\376\377\000r\000a\000t\000i\000o\000-\000p\000e\000r\000c\000e\000n\000t}{chapter.5}% 55
\BOOKMARK [1][-]{section.5.21}{\376\377\000n\000o\000d\000e\000-\000n\000a\000m\000e}{chapter.5}% 56
\BOOKMARK [1][-]{section.5.22}{\376\377\000n\000o\000d\000e\000-\000p\000a\000t\000h}{chapter.5}% 57
\BOOKMARK [0][-]{chapter.6}{\376\377\000H\000i\000s\000t\000o\000r\000y\000\040\000a\000n\000d\000\040\000R\000o\000a\000d\000\040\000M\000a\000p}{}% 58
\BOOKMARK [1][-]{section.6.1}{\376\377\000P\000a\000s\000t}{chapter.6}% 59
\BOOKMARK [2][-]{subsection.6.1.1}{\376\377\0002\0000\0001\0005}{section.6.1}% 60
\BOOKMARK [2][-]{subsection.6.1.2}{\376\377\0002\0000\0001\0006}{section.6.1}% 61
\BOOKMARK [2][-]{subsection.6.1.3}{\376\377\0002\0000\0001\0007}{section.6.1}% 62
\BOOKMARK [2][-]{subsection.6.1.4}{\376\377\0002\0000\0001\0008}{section.6.1}% 63
\BOOKMARK [2][-]{subsection.6.1.5}{\376\377\0002\0000\0001\0009}{section.6.1}% 64
\BOOKMARK [2][-]{subsection.6.1.6}{\376\377\0002\0000\0002\0000}{section.6.1}% 65
\BOOKMARK [2][-]{subsection.6.1.7}{\376\377\0002\0000\0002\0001}{section.6.1}% 66
\BOOKMARK [2][-]{subsection.6.1.8}{\376\377\0002\0000\0002\0002}{section.6.1}% 67
\BOOKMARK [2][-]{subsection.6.1.9}{\376\377\0002\0000\0002\0003}{section.6.1}% 68
\BOOKMARK [2][-]{subsection.6.1.10}{\376\377\0002\0000\0002\0004}{section.6.1}% 69
\BOOKMARK [2][-]{subsection.6.1.11}{\376\377\0002\0000\0002\0005}{section.6.1}% 70
\BOOKMARK [1][-]{section.6.2}{\376\377\000P\000r\000e\000s\000e\000n\000t}{chapter.6}% 71
\BOOKMARK [1][-]{section.6.3}{\376\377\000F\000u\000t\000u\000r\000e}{chapter.6}% 72
\BOOKMARK [2][-]{subsection.6.3.1}{\376\377\000N\000e\000a\000r\000\040\000F\000u\000t\000u\000r\000e}{section.6.3}% 73
\BOOKMARK [2][-]{subsection.6.3.2}{\376\377\000M\000i\000d\000\040\000F\000u\000t\000u\000r\000e}{section.6.3}% 74
\BOOKMARK [2][-]{subsection.6.3.3}{\376\377\000F\000a\000r\000\040\000F\000u\000t\000u\000r\000e}{section.6.3}% 75
