2025-10-13 09:49:57 serial = 27182818284
2025-10-13 09:49:57 email = anon
2025-10-13 09:49:57 RTG version = RTG Tools 3.13 / Core c27844a5bb (2025-05-27)
2025-10-13 09:49:57 apple.awt.application.name = RtgTools
2025-10-13 09:49:57 file.encoding = UTF-8
2025-10-13 09:49:57 file.separator = /
2025-10-13 09:49:57 ftp.nonProxyHosts = local|*.local|169.254/16|*.169.254/16
2025-10-13 09:49:57 host.name = Brbar-tilhrende-Mads.local
2025-10-13 09:49:57 http.nonProxyHosts = local|*.local|169.254/16|*.169.254/16
2025-10-13 09:49:57 java.class.path = /Users/madsnielsen/Predisposed/projects/benchmark/.pixi/envs/default/share/rtg-tools-3.13-0/RTG.jar
2025-10-13 09:49:57 java.class.version = 68.0
2025-10-13 09:49:57 java.home = /Users/madsnielsen/Predisposed/projects/benchmark/.pixi/envs/default/lib/jvm
2025-10-13 09:49:57 java.io.tmpdir = /var/folders/_q/g79qzsyd0ks3j53775l6dj6c0000gn/T/
2025-10-13 09:49:57 java.library.path = /Users/madsnielsen/Predisposed/projects/benchmark/.pixi/envs/default/share/rtg-tools-3.13-0
2025-10-13 09:49:57 java.runtime.name = OpenJDK Runtime Environment
2025-10-13 09:49:57 java.runtime.version = 24.0.2+12
2025-10-13 09:49:57 java.specification.name = Java Platform API Specification
2025-10-13 09:49:57 java.specification.vendor = Oracle Corporation
2025-10-13 09:49:57 java.specification.version = 24
2025-10-13 09:49:57 java.vendor = Azul Systems, Inc.
2025-10-13 09:49:57 java.vendor.url = http://www.azul.com/
2025-10-13 09:49:57 java.vendor.url.bug = http://www.azul.com/support/
2025-10-13 09:49:57 java.vendor.version = Zulu24.32+13-CA
2025-10-13 09:49:57 java.version = 24.0.2
2025-10-13 09:49:57 java.version.date = 2025-07-15
2025-10-13 09:49:57 java.vm.compressedOopsMode = Zero based
2025-10-13 09:49:57 java.vm.info = mixed mode, sharing
2025-10-13 09:49:57 java.vm.name = OpenJDK 64-Bit Server VM
2025-10-13 09:49:57 java.vm.specification.name = Java Virtual Machine Specification
2025-10-13 09:49:57 java.vm.specification.vendor = Oracle Corporation
2025-10-13 09:49:57 java.vm.specification.version = 24
2025-10-13 09:49:57 java.vm.vendor = Azul Systems, Inc.
2025-10-13 09:49:57 java.vm.version = 24.0.2+12
2025-10-13 09:49:57 jdk.debug = release
2025-10-13 09:49:57 lang.version = 24.0.2
2025-10-13 09:49:57 line.separator = 

2025-10-13 09:49:57 models.dir = /Users/madsnielsen/Predisposed/projects/benchmark/.pixi/envs/default/share/rtg-tools-3.13-0/models
2025-10-13 09:49:57 nashorn.option.no.deprecation.warning = true
2025-10-13 09:49:57 native.encoding = UTF-8
2025-10-13 09:49:57 os.arch = aarch64
2025-10-13 09:49:57 os.freememory = 87130112
2025-10-13 09:49:57 os.name = Mac OS X
2025-10-13 09:49:57 os.totalmemory = 17179869184
2025-10-13 09:49:57 os.version = 15.6.1
2025-10-13 09:49:57 path.separator = :
2025-10-13 09:49:57 polyglot.js.nashorn-compat = true
2025-10-13 09:49:57 processor.arch = aarch64
2025-10-13 09:49:57 processor.count = 8
2025-10-13 09:49:57 references.dir = /Users/madsnielsen/Predisposed/projects/benchmark/.pixi/envs/default/share/rtg-tools-3.13-0/references
2025-10-13 09:49:57 runtime.freememory = 261217112
2025-10-13 09:49:57 runtime.maxmemory = 15468593152
2025-10-13 09:49:57 runtime.totalMemory = 276824064
2025-10-13 09:49:57 socksNonProxyHosts = local|*.local|169.254/16|*.169.254/16
2025-10-13 09:49:57 stderr.encoding = UTF-8
2025-10-13 09:49:57 stdout.encoding = UTF-8
2025-10-13 09:49:57 sun.arch.data.model = 64
2025-10-13 09:49:57 sun.boot.library.path = /Users/madsnielsen/Predisposed/projects/benchmark/.pixi/envs/default/lib/jvm/lib
2025-10-13 09:49:57 sun.cpu.endian = little
2025-10-13 09:49:57 sun.io.unicode.encoding = UnicodeBig
2025-10-13 09:49:57 sun.java.command = /Users/madsnielsen/Predisposed/projects/benchmark/.pixi/envs/default/share/rtg-tools-3.13-0/RTG.jar format -o data/reference_genomes/small/small_reference.sdf data/reference_genomes/small/small_reference.fna
2025-10-13 09:49:57 sun.java.launcher = SUN_STANDARD
2025-10-13 09:49:57 sun.jnu.encoding = UTF-8
2025-10-13 09:49:57 sun.management.compiler = HotSpot 64-Bit Tiered Compilers
2025-10-13 09:49:57 talkback = true
2025-10-13 09:49:57 usage = false
2025-10-13 09:49:57 user.country = US
2025-10-13 09:49:57 user.dir = /Users/madsnielsen/Predisposed/projects/benchmark
2025-10-13 09:49:57 user.home = /Users/madsnielsen
2025-10-13 09:49:57 user.language = en
2025-10-13 09:49:57 user.name = madsnielsen
2025-10-13 09:49:57 user.timezone = Europe/Copenhagen
2025-10-13 09:49:57 vendor = Azul Systems, Inc.
2025-10-13 09:49:57 gzipfix.enabled = false
2025-10-13 09:49:57 Command line arguments: rtg format -o data/reference_genomes/small/small_reference.sdf data/reference_genomes/small/small_reference.fna
2025-10-13 09:49:57 Run Id: 5f2b02e6-7017-4274-9f9a-d25440ac1e21
2025-10-13 09:49:57 Formatting FASTA data
2025-10-13 09:49:57 Performing trimming with no trimming
2025-10-13 09:49:57 Processing "data/reference_genomes/small/small_reference.fna"
2025-10-13 09:49:57 Writing SDF-Id: b4cdc0d5-f30b-4fa7-a489-634d981bb3b1
2025-10-13 09:49:57 Referenced SDF-ID: b4cdc0d5-f30b-4fa7-a489-634d981bb3b1 Type: DNA Sequences: 1 Max-Length: 1980 Min-Length: 1980 Arm: UNKNOWN
2025-10-13 09:49:57 Finished successfully in 0 s.
