┌──(ASLant㉿YASLant)-[ chakra-qtquick]-[F:/Home/Github/chakra-ui-qml]-[dev]                                                       49ms  
└─$ python -m build
* Creating isolated environment: venv+pip...
* Installing packages in isolated environment:
  - setuptools>=61.0
  - wheel
* Getting build dependencies for sdist...
C:\Users\ASLan\AppData\Local\Temp\build-env-3p8mj3wz\Lib\site-packages\setuptools\config\_apply_pyprojecttoml.py:82: SetuptoolsDeprecationWarning: `project.license` as a TOML table is deprecated
!!

        ********************************************************************************
        Please use a simple string containing a SPDX expression for `project.license`. You can also use `project.license-files`. (Both options available on setuptools>=77.0.0).

        By 2026-Feb-18, you need to update your project and remove deprecated calls
        or your builds will no longer be supported.

        See https://packaging.python.org/en/latest/guides/writing-pyproject-toml/#license for details.
        ********************************************************************************

!!
  corresp(dist, value, root_dir)
C:\Users\ASLan\AppData\Local\Temp\build-env-3p8mj3wz\Lib\site-packages\setuptools\config\_apply_pyprojecttoml.py:61: SetuptoolsDeprecationWarning: License classifiers are deprecated.
!!

        ********************************************************************************
        Please consider removing the following classifiers in favor of a SPDX license expression:

        License :: OSI Approved :: MIT License

        See https://packaging.python.org/en/latest/guides/writing-pyproject-toml/#license for details.
        ********************************************************************************

!!
  dist._finalize_license_expression()
C:\Users\ASLan\AppData\Local\Temp\build-env-3p8mj3wz\Lib\site-packages\setuptools\dist.py:759: SetuptoolsDeprecationWarning: License classifiers are deprecated.
!!

        ********************************************************************************
        Please consider removing the following classifiers in favor of a SPDX license expression:

        License :: OSI Approved :: MIT License

        See https://packaging.python.org/en/latest/guides/writing-pyproject-toml/#license for details.
        ********************************************************************************

!!
  self._finalize_license_expression()
running egg_info
creating chakra_qtquick.egg-info
writing chakra_qtquick.egg-info\PKG-INFO
writing dependency_links to chakra_qtquick.egg-info\dependency_links.txt
writing requirements to chakra_qtquick.egg-info\requires.txt
writing top-level names to chakra_qtquick.egg-info\top_level.txt
writing manifest file 'chakra_qtquick.egg-info\SOURCES.txt'
reading manifest file 'chakra_qtquick.egg-info\SOURCES.txt'
reading manifest template 'MANIFEST.in'
adding license file 'LICENSE'
writing manifest file 'chakra_qtquick.egg-info\SOURCES.txt'
* Building sdist...
C:\Users\ASLan\AppData\Local\Temp\build-env-3p8mj3wz\Lib\site-packages\setuptools\config\_apply_pyprojecttoml.py:82: SetuptoolsDeprecationWarning: `project.license` as a TOML table is deprecated
!!

        ********************************************************************************
        Please use a simple string containing a SPDX expression for `project.license`. You can also use `project.license-files`. (Both options available on setuptools>=77.0.0).

        By 2026-Feb-18, you need to update your project and remove deprecated calls
        or your builds will no longer be supported.

        See https://packaging.python.org/en/latest/guides/writing-pyproject-toml/#license for details.
        ********************************************************************************

!!
  corresp(dist, value, root_dir)
C:\Users\ASLan\AppData\Local\Temp\build-env-3p8mj3wz\Lib\site-packages\setuptools\config\_apply_pyprojecttoml.py:61: SetuptoolsDeprecationWarning: License classifiers are deprecated.
!!

        ********************************************************************************
        Please consider removing the following classifiers in favor of a SPDX license expression:

        License :: OSI Approved :: MIT License

        See https://packaging.python.org/en/latest/guides/writing-pyproject-toml/#license for details.
        ********************************************************************************

!!
  dist._finalize_license_expression()
C:\Users\ASLan\AppData\Local\Temp\build-env-3p8mj3wz\Lib\site-packages\setuptools\dist.py:759: SetuptoolsDeprecationWarning: License classifiers are deprecated.
!!

        ********************************************************************************
        Please consider removing the following classifiers in favor of a SPDX license expression:

        License :: OSI Approved :: MIT License

        See https://packaging.python.org/en/latest/guides/writing-pyproject-toml/#license for details.
        ********************************************************************************

!!
  self._finalize_license_expression()
running sdist
running egg_info
writing chakra_qtquick.egg-info\PKG-INFO
writing dependency_links to chakra_qtquick.egg-info\dependency_links.txt
writing requirements to chakra_qtquick.egg-info\requires.txt
writing top-level names to chakra_qtquick.egg-info\top_level.txt
reading manifest file 'chakra_qtquick.egg-info\SOURCES.txt'
reading manifest template 'MANIFEST.in'
adding license file 'LICENSE'
writing manifest file 'chakra_qtquick.egg-info\SOURCES.txt'
running check
creating chakra_qtquick-1.0.0
creating chakra_qtquick-1.0.0\chakra_qtquick.egg-info
creating chakra_qtquick-1.0.0\src\components
creating chakra_qtquick-1.0.0\src\components\fonts
copying files to chakra_qtquick-1.0.0...
copying LICENSE -> chakra_qtquick-1.0.0
copying MANIFEST.in -> chakra_qtquick-1.0.0
copying README.md -> chakra_qtquick-1.0.0
copying pyproject.toml -> chakra_qtquick-1.0.0
copying chakra_qtquick.egg-info\PKG-INFO -> chakra_qtquick-1.0.0\chakra_qtquick.egg-info
copying chakra_qtquick.egg-info\SOURCES.txt -> chakra_qtquick-1.0.0\chakra_qtquick.egg-info
copying chakra_qtquick.egg-info\dependency_links.txt -> chakra_qtquick-1.0.0\chakra_qtquick.egg-info
copying chakra_qtquick.egg-info\requires.txt -> chakra_qtquick-1.0.0\chakra_qtquick.egg-info
copying chakra_qtquick.egg-info\top_level.txt -> chakra_qtquick-1.0.0\chakra_qtquick.egg-info
copying src\components\AppAnimations.qml -> chakra_qtquick-1.0.0\src\components
copying src\components\AppStyle.qml -> chakra_qtquick-1.0.0\src\components
copying src\components\CActionBar.qml -> chakra_qtquick-1.0.0\src\components
copying src\components\CAlert.qml -> chakra_qtquick-1.0.0\src\components
copying src\components\CBadge.qml -> chakra_qtquick-1.0.0\src\components
copying src\components\CBox.qml -> chakra_qtquick-1.0.0\src\components
copying src\components\CButton.qml -> chakra_qtquick-1.0.0\src\components
copying src\components\CCard.qml -> chakra_qtquick-1.0.0\src\components
copying src\components\CCenter.qml -> chakra_qtquick-1.0.0\src\components
copying src\components\CCheckbox.qml -> chakra_qtquick-1.0.0\src\components
copying src\components\CContainer.qml -> chakra_qtquick-1.0.0\src\components
copying src\components\CDialog.qml -> chakra_qtquick-1.0.0\src\components
copying src\components\CDrawer.qml -> chakra_qtquick-1.0.0\src\components
copying src\components\CFlex.qml -> chakra_qtquick-1.0.0\src\components
copying src\components\CFrameless.py -> chakra_qtquick-1.0.0\src\components
copying src\components\CIcon.qml -> chakra_qtquick-1.0.0\src\components
copying src\components\CInput.qml -> chakra_qtquick-1.0.0\src\components
copying src\components\CMenu.qml -> chakra_qtquick-1.0.0\src\components
copying src\components\CMenuGroup.qml -> chakra_qtquick-1.0.0\src\components
copying src\components\CMenuItem.qml -> chakra_qtquick-1.0.0\src\components
copying src\components\CMenuSeparator.qml -> chakra_qtquick-1.0.0\src\components
copying src\components\CPagination.qml -> chakra_qtquick-1.0.0\src\components
copying src\components\CProgress.qml -> chakra_qtquick-1.0.0\src\components
copying src\components\CScrollArea.qml -> chakra_qtquick-1.0.0\src\components
copying src\components\CScrollBar.qml -> chakra_qtquick-1.0.0\src\components
copying src\components\CSegmentedControl.qml -> chakra_qtquick-1.0.0\src\components
copying src\components\CSelect.qml -> chakra_qtquick-1.0.0\src\components
copying src\components\CSpinner.qml -> chakra_qtquick-1.0.0\src\components
copying src\components\CSwitch.qml -> chakra_qtquick-1.0.0\src\components
copying src\components\CTag.qml -> chakra_qtquick-1.0.0\src\components
copying src\components\CTooltip.qml -> chakra_qtquick-1.0.0\src\components
copying src\components\CWindow.qml -> chakra_qtquick-1.0.0\src\components
copying src\components\Icons.qml -> chakra_qtquick-1.0.0\src\components
copying src\components\__init__.py -> chakra_qtquick-1.0.0\src\components
copying src\components\qmldir -> chakra_qtquick-1.0.0\src\components
copying src\components\fonts\Phosphor.ttf -> chakra_qtquick-1.0.0\src\components\fonts
copying chakra_qtquick.egg-info\SOURCES.txt -> chakra_qtquick-1.0.0\chakra_qtquick.egg-info
Writing chakra_qtquick-1.0.0\setup.cfg
Creating tar archive
removing 'chakra_qtquick-1.0.0' (and everything under it)
* Building wheel from sdist
* Creating isolated environment: venv+pip...
* Installing packages in isolated environment:
  - setuptools>=61.0
  - wheel
* Getting build dependencies for wheel...
C:\Users\ASLan\AppData\Local\Temp\build-env-at_h7h1g\Lib\site-packages\setuptools\config\_apply_pyprojecttoml.py:82: SetuptoolsDeprecationWarning: `project.license` as a TOML table is deprecated
!!

        ********************************************************************************
        Please use a simple string containing a SPDX expression for `project.license`. You can also use `project.license-files`. (Both options available on setuptools>=77.0.0).

        By 2026-Feb-18, you need to update your project and remove deprecated calls
        or your builds will no longer be supported.

        See https://packaging.python.org/en/latest/guides/writing-pyproject-toml/#license for details.
        ********************************************************************************

!!
  corresp(dist, value, root_dir)
C:\Users\ASLan\AppData\Local\Temp\build-env-at_h7h1g\Lib\site-packages\setuptools\config\_apply_pyprojecttoml.py:61: SetuptoolsDeprecationWarning: License classifiers are deprecated.
!!

        ********************************************************************************
        Please consider removing the following classifiers in favor of a SPDX license expression:

        License :: OSI Approved :: MIT License

        See https://packaging.python.org/en/latest/guides/writing-pyproject-toml/#license for details.
        ********************************************************************************

!!
  dist._finalize_license_expression()
C:\Users\ASLan\AppData\Local\Temp\build-env-at_h7h1g\Lib\site-packages\setuptools\dist.py:759: SetuptoolsDeprecationWarning: License classifiers are deprecated.
!!

        ********************************************************************************
        Please consider removing the following classifiers in favor of a SPDX license expression:

        License :: OSI Approved :: MIT License

        See https://packaging.python.org/en/latest/guides/writing-pyproject-toml/#license for details.
        ********************************************************************************

!!
  self._finalize_license_expression()
running egg_info
writing chakra_qtquick.egg-info\PKG-INFO
writing dependency_links to chakra_qtquick.egg-info\dependency_links.txt
writing requirements to chakra_qtquick.egg-info\requires.txt
writing top-level names to chakra_qtquick.egg-info\top_level.txt
reading manifest file 'chakra_qtquick.egg-info\SOURCES.txt'
reading manifest template 'MANIFEST.in'
adding license file 'LICENSE'
writing manifest file 'chakra_qtquick.egg-info\SOURCES.txt'
* Building wheel...
C:\Users\ASLan\AppData\Local\Temp\build-env-at_h7h1g\Lib\site-packages\setuptools\config\_apply_pyprojecttoml.py:82: SetuptoolsDeprecationWarning: `project.license` as a TOML table is deprecated
!!

        ********************************************************************************
        Please use a simple string containing a SPDX expression for `project.license`. You can also use `project.license-files`. (Both options available on setuptools>=77.0.0).

        By 2026-Feb-18, you need to update your project and remove deprecated calls
        or your builds will no longer be supported.

        See https://packaging.python.org/en/latest/guides/writing-pyproject-toml/#license for details.
        ********************************************************************************

!!
  corresp(dist, value, root_dir)
C:\Users\ASLan\AppData\Local\Temp\build-env-at_h7h1g\Lib\site-packages\setuptools\config\_apply_pyprojecttoml.py:61: SetuptoolsDeprecationWarning: License classifiers are deprecated.
!!

        ********************************************************************************
        Please consider removing the following classifiers in favor of a SPDX license expression:

        License :: OSI Approved :: MIT License

        See https://packaging.python.org/en/latest/guides/writing-pyproject-toml/#license for details.
        ********************************************************************************

!!
  dist._finalize_license_expression()
C:\Users\ASLan\AppData\Local\Temp\build-env-at_h7h1g\Lib\site-packages\setuptools\dist.py:759: SetuptoolsDeprecationWarning: License classifiers are deprecated.
!!

        ********************************************************************************
        Please consider removing the following classifiers in favor of a SPDX license expression:

        License :: OSI Approved :: MIT License

        See https://packaging.python.org/en/latest/guides/writing-pyproject-toml/#license for details.
        ********************************************************************************

!!
  self._finalize_license_expression()
running bdist_wheel
running build
running build_py
creating build\lib\chakra_ui
copying src\components\CFrameless.py -> build\lib\chakra_ui
copying src\components\__init__.py -> build\lib\chakra_ui
running egg_info
writing chakra_qtquick.egg-info\PKG-INFO
writing dependency_links to chakra_qtquick.egg-info\dependency_links.txt
writing requirements to chakra_qtquick.egg-info\requires.txt
writing top-level names to chakra_qtquick.egg-info\top_level.txt
reading manifest file 'chakra_qtquick.egg-info\SOURCES.txt'
reading manifest template 'MANIFEST.in'
adding license file 'LICENSE'
writing manifest file 'chakra_qtquick.egg-info\SOURCES.txt'
C:\Users\ASLan\AppData\Local\Temp\build-env-at_h7h1g\Lib\site-packages\setuptools\command\build_py.py:212: _Warning: Package 'chakra_ui.fonts' is absent from the `packages` configuration.
!!

        ********************************************************************************
        ############################
        # Package would be ignored #
        ############################
        Python recognizes 'chakra_ui.fonts' as an importable package[^1],
        but it is absent from setuptools' `packages` configuration.

        This leads to an ambiguous overall configuration. If you want to distribute this
        package, please make sure that 'chakra_ui.fonts' is explicitly added
        to the `packages` configuration field.

        Alternatively, you can also rely on setuptools' discovery methods
        (for example by using `find_namespace_packages(...)`/`find_namespace:`
        instead of `find_packages(...)`/`find:`).

        You can read more about "package discovery" on setuptools documentation page:

        - https://setuptools.pypa.io/en/latest/userguide/package_discovery.html

        If you don't want 'chakra_ui.fonts' to be distributed and are
        already explicitly excluding 'chakra_ui.fonts' via
        `find_namespace_packages(...)/find_namespace` or `find_packages(...)/find`,
        you can try to use `exclude_package_data`, or `include-package-data=False` in
        combination with a more fine grained `package-data` configuration.

        You can read more about "package data files" on setuptools documentation page:

        - https://setuptools.pypa.io/en/latest/userguide/datafiles.html


        [^1]: For Python, any directory (with suitable naming) can be imported,
              even if it does not contain any `.py` files.
              On the other hand, currently there is no concept of package data
              directory, all directories are treated like packages.
        ********************************************************************************

!!
  check.warn(importable)
copying src\components\AppAnimations.qml -> build\lib\chakra_ui
copying src\components\AppStyle.qml -> build\lib\chakra_ui
copying src\components\CActionBar.qml -> build\lib\chakra_ui
copying src\components\CAlert.qml -> build\lib\chakra_ui
copying src\components\CBadge.qml -> build\lib\chakra_ui
copying src\components\CBox.qml -> build\lib\chakra_ui
copying src\components\CButton.qml -> build\lib\chakra_ui
copying src\components\CCard.qml -> build\lib\chakra_ui
copying src\components\CCenter.qml -> build\lib\chakra_ui
copying src\components\CCheckbox.qml -> build\lib\chakra_ui
copying src\components\CContainer.qml -> build\lib\chakra_ui
copying src\components\CDialog.qml -> build\lib\chakra_ui
copying src\components\CDrawer.qml -> build\lib\chakra_ui
copying src\components\CFlex.qml -> build\lib\chakra_ui
copying src\components\CIcon.qml -> build\lib\chakra_ui
copying src\components\CInput.qml -> build\lib\chakra_ui
copying src\components\CMenu.qml -> build\lib\chakra_ui
copying src\components\CMenuGroup.qml -> build\lib\chakra_ui
copying src\components\CMenuItem.qml -> build\lib\chakra_ui
copying src\components\CMenuSeparator.qml -> build\lib\chakra_ui
copying src\components\CPagination.qml -> build\lib\chakra_ui
copying src\components\CProgress.qml -> build\lib\chakra_ui
copying src\components\CScrollArea.qml -> build\lib\chakra_ui
copying src\components\CScrollBar.qml -> build\lib\chakra_ui
copying src\components\CSegmentedControl.qml -> build\lib\chakra_ui
copying src\components\CSelect.qml -> build\lib\chakra_ui
copying src\components\CSpinner.qml -> build\lib\chakra_ui
copying src\components\CSwitch.qml -> build\lib\chakra_ui
copying src\components\CTag.qml -> build\lib\chakra_ui
copying src\components\CTooltip.qml -> build\lib\chakra_ui
copying src\components\CWindow.qml -> build\lib\chakra_ui
copying src\components\Icons.qml -> build\lib\chakra_ui
copying src\components\qmldir -> build\lib\chakra_ui
creating build\lib\chakra_ui\fonts
copying src\components\fonts\Phosphor.ttf -> build\lib\chakra_ui\fonts
installing to build\bdist.win-amd64\wheel
running install
running install_lib
creating build\bdist.win-amd64\wheel
creating build\bdist.win-amd64\wheel\chakra_ui
copying build\lib\chakra_ui\AppAnimations.qml -> build\bdist.win-amd64\wheel\.\chakra_ui
copying build\lib\chakra_ui\AppStyle.qml -> build\bdist.win-amd64\wheel\.\chakra_ui
copying build\lib\chakra_ui\CActionBar.qml -> build\bdist.win-amd64\wheel\.\chakra_ui
copying build\lib\chakra_ui\CAlert.qml -> build\bdist.win-amd64\wheel\.\chakra_ui
copying build\lib\chakra_ui\CBadge.qml -> build\bdist.win-amd64\wheel\.\chakra_ui
copying build\lib\chakra_ui\CBox.qml -> build\bdist.win-amd64\wheel\.\chakra_ui
copying build\lib\chakra_ui\CButton.qml -> build\bdist.win-amd64\wheel\.\chakra_ui
copying build\lib\chakra_ui\CCard.qml -> build\bdist.win-amd64\wheel\.\chakra_ui
copying build\lib\chakra_ui\CCenter.qml -> build\bdist.win-amd64\wheel\.\chakra_ui
copying build\lib\chakra_ui\CCheckbox.qml -> build\bdist.win-amd64\wheel\.\chakra_ui
copying build\lib\chakra_ui\CContainer.qml -> build\bdist.win-amd64\wheel\.\chakra_ui
copying build\lib\chakra_ui\CDialog.qml -> build\bdist.win-amd64\wheel\.\chakra_ui
copying build\lib\chakra_ui\CDrawer.qml -> build\bdist.win-amd64\wheel\.\chakra_ui
copying build\lib\chakra_ui\CFlex.qml -> build\bdist.win-amd64\wheel\.\chakra_ui
copying build\lib\chakra_ui\CFrameless.py -> build\bdist.win-amd64\wheel\.\chakra_ui
copying build\lib\chakra_ui\CIcon.qml -> build\bdist.win-amd64\wheel\.\chakra_ui
copying build\lib\chakra_ui\CInput.qml -> build\bdist.win-amd64\wheel\.\chakra_ui
copying build\lib\chakra_ui\CMenu.qml -> build\bdist.win-amd64\wheel\.\chakra_ui
copying build\lib\chakra_ui\CMenuGroup.qml -> build\bdist.win-amd64\wheel\.\chakra_ui
copying build\lib\chakra_ui\CMenuItem.qml -> build\bdist.win-amd64\wheel\.\chakra_ui
copying build\lib\chakra_ui\CMenuSeparator.qml -> build\bdist.win-amd64\wheel\.\chakra_ui
copying build\lib\chakra_ui\CPagination.qml -> build\bdist.win-amd64\wheel\.\chakra_ui
copying build\lib\chakra_ui\CProgress.qml -> build\bdist.win-amd64\wheel\.\chakra_ui
copying build\lib\chakra_ui\CScrollArea.qml -> build\bdist.win-amd64\wheel\.\chakra_ui
copying build\lib\chakra_ui\CScrollBar.qml -> build\bdist.win-amd64\wheel\.\chakra_ui
copying build\lib\chakra_ui\CSegmentedControl.qml -> build\bdist.win-amd64\wheel\.\chakra_ui
copying build\lib\chakra_ui\CSelect.qml -> build\bdist.win-amd64\wheel\.\chakra_ui
copying build\lib\chakra_ui\CSpinner.qml -> build\bdist.win-amd64\wheel\.\chakra_ui
copying build\lib\chakra_ui\CSwitch.qml -> build\bdist.win-amd64\wheel\.\chakra_ui
copying build\lib\chakra_ui\CTag.qml -> build\bdist.win-amd64\wheel\.\chakra_ui
copying build\lib\chakra_ui\CTooltip.qml -> build\bdist.win-amd64\wheel\.\chakra_ui
copying build\lib\chakra_ui\CWindow.qml -> build\bdist.win-amd64\wheel\.\chakra_ui
creating build\bdist.win-amd64\wheel\chakra_ui\fonts
copying build\lib\chakra_ui\fonts\Phosphor.ttf -> build\bdist.win-amd64\wheel\.\chakra_ui\fonts
copying build\lib\chakra_ui\Icons.qml -> build\bdist.win-amd64\wheel\.\chakra_ui
copying build\lib\chakra_ui\qmldir -> build\bdist.win-amd64\wheel\.\chakra_ui
copying build\lib\chakra_ui\__init__.py -> build\bdist.win-amd64\wheel\.\chakra_ui
running install_egg_info
Copying chakra_qtquick.egg-info to build\bdist.win-amd64\wheel\.\chakra_qtquick-1.0.0-py3.12.egg-info
running install_scripts
creating build\bdist.win-amd64\wheel\chakra_qtquick-1.0.0.dist-info\WHEEL
creating 'F:\Home\Github\chakra-ui-qml\dist\.tmp-ekfs38go\chakra_qtquick-1.0.0-py3-none-any.whl' and adding 'build\bdist.win-amd64\wheel' to it
adding 'chakra_qtquick-1.0.0.dist-info/licenses/LICENSE'
adding 'chakra_ui/AppAnimations.qml'
adding 'chakra_ui/AppStyle.qml'
adding 'chakra_ui/CActionBar.qml'
adding 'chakra_ui/CAlert.qml'
adding 'chakra_ui/CBadge.qml'
adding 'chakra_ui/CBox.qml'
adding 'chakra_ui/CButton.qml'
adding 'chakra_ui/CCard.qml'
adding 'chakra_ui/CCenter.qml'
adding 'chakra_ui/CCheckbox.qml'
adding 'chakra_ui/CContainer.qml'
adding 'chakra_ui/CDialog.qml'
adding 'chakra_ui/CDrawer.qml'
adding 'chakra_ui/CFlex.qml'
adding 'chakra_ui/CFrameless.py'
adding 'chakra_ui/CIcon.qml'
adding 'chakra_ui/CInput.qml'
adding 'chakra_ui/CMenu.qml'
adding 'chakra_ui/CMenuGroup.qml'
adding 'chakra_ui/CMenuItem.qml'
adding 'chakra_ui/CMenuSeparator.qml'
adding 'chakra_ui/CPagination.qml'
adding 'chakra_ui/CProgress.qml'
adding 'chakra_ui/CScrollArea.qml'
adding 'chakra_ui/CScrollBar.qml'
adding 'chakra_ui/CSegmentedControl.qml'
adding 'chakra_ui/CSelect.qml'
adding 'chakra_ui/CSpinner.qml'
adding 'chakra_ui/CSwitch.qml'
adding 'chakra_ui/CTag.qml'
adding 'chakra_ui/CTooltip.qml'
adding 'chakra_ui/CWindow.qml'
adding 'chakra_ui/Icons.qml'
adding 'chakra_ui/__init__.py'
adding 'chakra_ui/qmldir'
adding 'chakra_ui/fonts/Phosphor.ttf'
adding 'chakra_qtquick-1.0.0.dist-info/METADATA'
adding 'chakra_qtquick-1.0.0.dist-info/WHEEL'
adding 'chakra_qtquick-1.0.0.dist-info/top_level.txt'
adding 'chakra_qtquick-1.0.0.dist-info/RECORD'
removing build\bdist.win-amd64\wheel
Successfully built chakra_qtquick-1.0.0.tar.gz and chakra_qtquick-1.0.0-py3-none-any.whl